<?xml version="1.0" encoding="UTF-8"?>
<!-- Generated by org.testng.reporters.JUnitXMLReporter -->
<testsuite ignored="0" hostname="LAPTOP-INCQFG99" failures="0" tests="3" name="Default test" time="57.808" errors="0" timestamp="2023-01-19T15:51:37 IST">
  <testcase classname="organizationModule.CreateOrganizationTestNGTest" name="demo1" time="0.006"/>
  <testcase classname="organizationModule.CreateOrganizationTestNGTest" name="demo2" time="0.001"/>
  <testcase classname="organizationModule.CreateOrganizationTestNGTest" name="orgcreate" time="16.51"/>
</testsuite> <!-- Default test -->
