<?xml version="1.0" encoding="UTF-8"?>
<testng-results ignored="0" total="3" passed="3" failed="0" skipped="0">
  <reporter-output>
  </reporter-output>
  <suite started-at="2023-01-19T15:50:40 IST" name="Default suite" finished-at="2023-01-19T15:51:37 IST" duration-ms="57808">
    <groups>
      <group name="regression">
        <method signature="CreateOrganizationTestNGTest.demo1()[pri:0, instance:organizationModule.CreateOrganizationTestNGTest@783a467b]" name="demo1" class="organizationModule.CreateOrganizationTestNGTest"/>
      </group> <!-- regression -->
      <group name="smoke">
        <method signature="CreateOrganizationTestNGTest.demo2()[pri:0, instance:organizationModule.CreateOrganizationTestNGTest@783a467b]" name="demo2" class="organizationModule.CreateOrganizationTestNGTest"/>
        <method signature="CreateOrganizationTestNGTest.orgcreate()[pri:0, instance:organizationModule.CreateOrganizationTestNGTest@783a467b]" name="orgcreate" class="organizationModule.CreateOrganizationTestNGTest"/>
      </group> <!-- smoke -->
    </groups>
    <test started-at="2023-01-19T15:50:40 IST" name="Default test" finished-at="2023-01-19T15:51:37 IST" duration-ms="57808">
      <class name="organizationModule.CreateOrganizationTestNGTest">
        <test-method is-config="true" signature="bc()[pri:0, instance:organizationModule.CreateOrganizationTestNGTest@783a467b]" started-at="2023-01-19T15:50:40 IST" name="bc" finished-at="2023-01-19T15:50:53 IST" duration-ms="13344" status="PASS">
          <reporter-output>
          </reporter-output>
        </test-method> <!-- bc -->
        <test-method is-config="true" signature="bm()[pri:0, instance:organizationModule.CreateOrganizationTestNGTest@783a467b]" started-at="2023-01-19T15:50:53 IST" name="bm" finished-at="2023-01-19T15:50:59 IST" duration-ms="5827" status="PASS">
          <reporter-output>
          </reporter-output>
        </test-method> <!-- bm -->
        <test-method signature="demo1()[pri:0, instance:organizationModule.CreateOrganizationTestNGTest@783a467b]" started-at="2023-01-19T15:50:59 IST" name="demo1" finished-at="2023-01-19T15:50:59 IST" duration-ms="6" status="PASS">
          <reporter-output>
          </reporter-output>
        </test-method> <!-- demo1 -->
        <test-method is-config="true" signature="am()[pri:0, instance:organizationModule.CreateOrganizationTestNGTest@783a467b]" started-at="2023-01-19T15:50:59 IST" name="am" finished-at="2023-01-19T15:51:05 IST" duration-ms="6476" status="PASS">
          <reporter-output>
          </reporter-output>
        </test-method> <!-- am -->
        <test-method is-config="true" signature="bm()[pri:0, instance:organizationModule.CreateOrganizationTestNGTest@783a467b]" started-at="2023-01-19T15:51:05 IST" name="bm" finished-at="2023-01-19T15:51:08 IST" duration-ms="2239" status="PASS">
          <reporter-output>
          </reporter-output>
        </test-method> <!-- bm -->
        <test-method signature="demo2()[pri:0, instance:organizationModule.CreateOrganizationTestNGTest@783a467b]" started-at="2023-01-19T15:51:08 IST" name="demo2" finished-at="2023-01-19T15:51:08 IST" duration-ms="1" status="PASS">
          <reporter-output>
          </reporter-output>
        </test-method> <!-- demo2 -->
        <test-method is-config="true" signature="am()[pri:0, instance:organizationModule.CreateOrganizationTestNGTest@783a467b]" started-at="2023-01-19T15:51:08 IST" name="am" finished-at="2023-01-19T15:51:11 IST" duration-ms="3564" status="PASS">
          <reporter-output>
          </reporter-output>
        </test-method> <!-- am -->
        <test-method is-config="true" signature="bm()[pri:0, instance:organizationModule.CreateOrganizationTestNGTest@783a467b]" started-at="2023-01-19T15:51:11 IST" name="bm" finished-at="2023-01-19T15:51:13 IST" duration-ms="2338" status="PASS">
          <reporter-output>
          </reporter-output>
        </test-method> <!-- bm -->
        <test-method signature="orgcreate()[pri:0, instance:organizationModule.CreateOrganizationTestNGTest@783a467b]" started-at="2023-01-19T15:51:13 IST" name="orgcreate" finished-at="2023-01-19T15:51:30 IST" duration-ms="16510" status="PASS">
          <reporter-output>
          </reporter-output>
        </test-method> <!-- orgcreate -->
        <test-method is-config="true" signature="am()[pri:0, instance:organizationModule.CreateOrganizationTestNGTest@783a467b]" started-at="2023-01-19T15:51:30 IST" name="am" finished-at="2023-01-19T15:51:37 IST" duration-ms="7376" status="PASS">
          <reporter-output>
          </reporter-output>
        </test-method> <!-- am -->
        <test-method is-config="true" signature="ac()[pri:0, instance:organizationModule.CreateOrganizationTestNGTest@783a467b]" started-at="2023-01-19T15:51:37 IST" name="ac" finished-at="2023-01-19T15:51:37 IST" duration-ms="91" status="PASS">
          <reporter-output>
          </reporter-output>
        </test-method> <!-- ac -->
      </class> <!-- organizationModule.CreateOrganizationTestNGTest -->
    </test> <!-- Default test -->
  </suite> <!-- Default suite -->
</testng-results>
