<?xml version="1.0" encoding="UTF-8"?>
<!-- Generated by org.testng.reporters.JUnitXMLReporter -->
<testsuite ignored="0" hostname="LAPTOP-INCQFG99" failures="1" tests="1" name="Test" time="9.819" errors="0" timestamp="2023-01-12T10:36:11 IST">
  <testcase classname="organizationModule.CreateOrgwithIndusTESTNGTest" name="organdindus" time="4.113">
    <failure type="java.lang.AssertionError" message="null">
      <![CDATA[java.lang.AssertionError: null
at organizationModule.CreateOrgwithIndusTESTNGTest.organdindus(CreateOrgwithIndusTESTNGTest.java:36)
at java.base/java.util.ArrayList.forEach(ArrayList.java:1511)
at java.base/java.util.concurrent.FutureTask.run(FutureTask.java:264)
at java.base/java.util.concurrent.ThreadPoolExecutor.runWorker(ThreadPoolExecutor.java:1136)
at java.base/java.util.concurrent.ThreadPoolExecutor$Worker.run(ThreadPoolExecutor.java:635)
at java.base/java.lang.Thread.run(Thread.java:833)
... Removed 18 stack frames]]>
    </failure>
  </testcase> <!-- organdindus -->
</testsuite> <!-- Test -->
